<?xml version="1.0" encoding="UTF-8"?>
<!-- Generated by org.testng.reporters.JUnitXMLReporter -->
<testsuite ignored="0" hostname="LAPTOP-0I64B6UJ" failures="0" tests="2" name="Default test" time="41.348" errors="0" timestamp="2023-01-08T17:36:35 IST">
  <testcase classname="POM_DDF_TestNG_BaseClass_UtilityClass_PropertyFile_CaptureSSofOnlyFailedTCes.instagramTestClass" name="verifyUserID" time="13.067"/>
  <testcase classname="POM_DDF_TestNG_BaseClass_UtilityClass_PropertyFile_CaptureSSofOnlyFailedTCes.instagramTestClass" name="verify_Name" time="6.78"/>
</testsuite> <!-- Default test -->
