<?xml version="1.0" encoding="UTF-8"?>
<!-- Generated by org.testng.reporters.JUnitXMLReporter -->
<testsuite ignored="0" hostname="LAPTOP-0I64B6UJ" failures="0" tests="3" name="Test" time="44.112" errors="0" timestamp="2023-01-31T23:48:36 IST">
  <testcase classname="TestNG.sample31_parallel1" name="KiteApp" time="38.081"/>
  <testcase classname="TestNG.sample32_parallel2" name="facebookApp" time="41.862"/>
  <testcase classname="TestNG.sample33_parallel3" name="AmazonApp" time="44.025"/>
</testsuite> <!-- Test -->
