<?xml version="1.0" encoding="UTF-8"?>
<!-- Generated by org.testng.reporters.JUnitXMLReporter -->
<testsuite ignored="0" hostname="LAPTOP-0I64B6UJ" failures="0" tests="8" name="Test1" time="0.248" errors="0" timestamp="2022-12-29T20:25:19 IST">
  <testcase classname="TestNG.sample4_Annotations" name="verifyUSerID1" time="0.025"/>
  <testcase classname="TestNG.sample4_Annotations" name="verifyUserID2" time="0.002"/>
  <testcase classname="TestNG.sample4_Annotations" name="verifyUserID3" time="0.002"/>
  <testcase classname="TestNG.sample4_Annotations" name="verifyUserID4" time="0.019"/>
  <testcase classname="TestNG.sample5_Annotations" name="verifyUserID1" time="0.004"/>
  <testcase classname="TestNG.sample5_Annotations" name="verifyUserID2" time="0.007"/>
  <testcase classname="TestNG.sample5_Annotations" name="verifyUserID3" time="0.001"/>
  <testcase classname="TestNG.sample5_Annotations" name="verifyUserID4" time="0.002"/>
</testsuite> <!-- Test1 -->
