<?xml version="1.0" encoding="UTF-8"?>
<!-- Generated by org.testng.reporters.JUnitXMLReporter -->
<testsuite ignored="2" hostname="LAPTOP-0I64B6UJ" failures="0" tests="1" name="Default test(failed)(failed)" time="0.077" errors="0" timestamp="2022-12-30T01:34:30 IST">
  <testcase classname="TestNG.sample2_include" name="TC5" time="0.011"/>
  <testcase classname="TestNG.sample2_include" name="TC4" time="0.0">
    <ignored/>
  </testcase> <!-- TC4 -->
  <testcase classname="TestNG.sample2_include" name="TC6" time="0.0">
    <ignored/>
  </testcase> <!-- TC6 -->
</testsuite> <!-- Default test(failed)(failed) -->
