<?xml version="1.0" encoding="UTF-8"?>
<testng-results ignored="0" total="6" passed="6" failed="0" skipped="0">
  <reporter-output>
  </reporter-output>
  <suite started-at="2023-01-31T23:56:03 IST" name="Suite" finished-at="2023-01-31T23:57:24 IST" duration-ms="81246">
    <groups>
    </groups>
    <test started-at="2023-01-31T23:56:03 IST" name="Test2" finished-at="2023-01-31T23:56:44 IST" duration-ms="41606">
      <class name="TestNG.sample31_parallel1">
        <test-method signature="KiteApp()[pri:0, instance:TestNG.sample31_parallel1@74751b3]" started-at="2023-01-31T23:56:20 IST" name="KiteApp" finished-at="2023-01-31T23:56:44 IST" duration-ms="23943" status="PASS">
          <reporter-output>
          </reporter-output>
        </test-method> <!-- KiteApp -->
      </class> <!-- TestNG.sample31_parallel1 -->
      <class name="TestNG.sample32_parallel2">
        <test-method signature="facebookApp()[pri:0, instance:TestNG.sample32_parallel2@58d75e99]" started-at="2023-01-31T23:56:03 IST" name="facebookApp" finished-at="2023-01-31T23:56:20 IST" duration-ms="17544" status="PASS">
          <reporter-output>
          </reporter-output>
        </test-method> <!-- facebookApp -->
      </class> <!-- TestNG.sample32_parallel2 -->
    </test> <!-- Test2 -->
    <test started-at="2023-01-31T23:56:03 IST" name="Test1" finished-at="2023-01-31T23:57:04 IST" duration-ms="61303">
      <class name="TestNG.sample31_parallel1">
        <test-method signature="KiteApp()[pri:0, instance:TestNG.sample31_parallel1@5f9b2141]" started-at="2023-01-31T23:56:03 IST" name="KiteApp" finished-at="2023-01-31T23:56:23 IST" duration-ms="20530" status="PASS">
          <reporter-output>
          </reporter-output>
        </test-method> <!-- KiteApp -->
      </class> <!-- TestNG.sample31_parallel1 -->
      <class name="TestNG.sample33_parallel3">
        <test-method signature="AmazonApp()[pri:0, instance:TestNG.sample33_parallel3@7a419da4]" started-at="2023-01-31T23:56:23 IST" name="AmazonApp" finished-at="2023-01-31T23:57:04 IST" duration-ms="40674" status="PASS">
          <reporter-output>
          </reporter-output>
        </test-method> <!-- AmazonApp -->
      </class> <!-- TestNG.sample33_parallel3 -->
    </test> <!-- Test1 -->
    <test started-at="2023-01-31T23:56:03 IST" name="Test3" finished-at="2023-01-31T23:57:24 IST" duration-ms="81246">
      <class name="TestNG.sample33_parallel3">
        <test-method signature="AmazonApp()[pri:0, instance:TestNG.sample33_parallel3@4f2b503c]" started-at="2023-01-31T23:56:03 IST" name="AmazonApp" finished-at="2023-01-31T23:56:45 IST" duration-ms="42429" status="PASS">
          <reporter-output>
          </reporter-output>
        </test-method> <!-- AmazonApp -->
      </class> <!-- TestNG.sample33_parallel3 -->
      <class name="TestNG.sample32_parallel2">
        <test-method signature="facebookApp()[pri:0, instance:TestNG.sample32_parallel2@bae7dc0]" started-at="2023-01-31T23:56:45 IST" name="facebookApp" finished-at="2023-01-31T23:57:24 IST" duration-ms="38718" status="PASS">
          <reporter-output>
          </reporter-output>
        </test-method> <!-- facebookApp -->
      </class> <!-- TestNG.sample32_parallel2 -->
    </test> <!-- Test3 -->
  </suite> <!-- Suite -->
</testng-results>
