<?xml version="1.0" encoding="UTF-8"?>
<!-- Generated by org.testng.reporters.JUnitXMLReporter -->
<testsuite ignored="0" hostname="LAPTOP-0I64B6UJ" failures="0" tests="3" name="Test1_Chrome" time="24.856" errors="0" timestamp="2023-01-09T01:08:38 IST">
  <testcase classname="TestNg_Practice.sample23_MultiBrowser_Testing" name="openBrowser" time="17.636"/>
  <testcase classname="TestNg_Practice.sample23_MultiBrowser_Testing" name="openFacebookApp" time="3.122"/>
  <testcase classname="TestNg_Practice.sample23_MultiBrowser_Testing" name="closeBrowser" time="3.995"/>
</testsuite> <!-- Test1_Chrome -->
