<?xml version="1.0" encoding="UTF-8"?>
<!-- Generated by org.testng.reporters.JUnitXMLReporter -->
<testsuite ignored="0" hostname="LAPTOP-0I64B6UJ" failures="0" tests="4" name="Test2_Firefox" time="0.489" errors="0" timestamp="2023-01-04T21:25:07 IST">
  <testcase classname="POM_With_DDF3.facebookLoginTest" name="@BeforeClass openBrowser" time="0.206">
    <failure type="java.lang.IllegalStateException" message="The path to the driver executable The path to the driver executable must be set by the webdriver.gecko.driver system property; for more information, see https://github.com/mozilla/geckodriver. The latest version can be downloaded from https://github.com/mozilla/geckodriver/releases">
      <![CDATA[java.lang.IllegalStateException: The path to the driver executable The path to the driver executable must be set by the webdriver.gecko.driver system property; for more information, see https://github.com/mozilla/geckodriver. The latest version can be downloaded from https://github.com/mozilla/geckodriver/releases
at org.openqa.selenium.internal.Require$StateChecker.nonNull(Require.java:314)
at org.openqa.selenium.remote.service.DriverService.findExecutable(DriverService.java:148)
at org.openqa.selenium.firefox.GeckoDriverService.access$100(GeckoDriverService.java:45)
at org.openqa.selenium.firefox.GeckoDriverService$Builder.findDefaultExecutable(GeckoDriverService.java:181)
at org.openqa.selenium.remote.service.DriverService$Builder.build(DriverService.java:450)
at org.openqa.selenium.firefox.GeckoDriverService.createDefaultService(GeckoDriverService.java:94)
at org.openqa.selenium.firefox.FirefoxDriver.<init>(FirefoxDriver.java:99)
at POM_With_DDF3.facebookLoginTest.openBrowser(facebookLoginTest.java:50)
at java.base/java.util.ArrayList.forEach(ArrayList.java:1541)
at java.base/java.util.concurrent.FutureTask.run(FutureTask.java:264)
at java.base/java.util.concurrent.ThreadPoolExecutor.runWorker(ThreadPoolExecutor.java:1128)
at java.base/java.util.concurrent.ThreadPoolExecutor$Worker.run(ThreadPoolExecutor.java:628)
at java.base/java.lang.Thread.run(Thread.java:834)
... Removed 16 stack frames]]>
    </failure>
  </testcase> <!-- @BeforeClass openBrowser -->
  <testcase classname="POM_With_DDF3.facebookLoginTest" name="@BeforeMethod LoginToFacebook" time="-1.67284770708E9">
    <skipped/>
  </testcase> <!-- @BeforeMethod LoginToFacebook -->
  <testcase classname="POM_With_DDF3.facebookLoginTest" name="@BeforeMethod LoginToFacebook" time="-1.672847707123E9">
    <skipped/>
  </testcase> <!-- @BeforeMethod LoginToFacebook -->
  <testcase classname="POM_With_DDF3.facebookLoginTest" name="@BeforeMethod LoginToFacebook" time="-1.672847707163E9">
    <skipped/>
  </testcase> <!-- @BeforeMethod LoginToFacebook -->
  <testcase classname="POM_With_DDF3.facebookLoginTest" name="@BeforeMethod LoginToFacebook" time="-1.672847707193E9">
    <skipped/>
  </testcase> <!-- @BeforeMethod LoginToFacebook -->
  <testcase classname="POM_With_DDF3.facebookLoginTest" name="@AfterClass closeBrowser" time="-1.672847707207E9">
    <skipped/>
  </testcase> <!-- @AfterClass closeBrowser -->
  <testcase classname="POM_With_DDF3.facebookLoginTest" name="openBrowser" time="0.0">
    <skipped/>
  </testcase> <!-- openBrowser -->
  <testcase classname="POM_With_DDF3.facebookLoginTest" name="LoginToFacebook" time="0.0">
    <skipped/>
  </testcase> <!-- LoginToFacebook -->
  <testcase classname="POM_With_DDF3.facebookLoginTest" name="verifyUserID" time="0.0">
    <skipped/>
  </testcase> <!-- verifyUserID -->
  <testcase classname="POM_With_DDF3.facebookLoginTest" name="closeBrowser" time="0.0">
    <skipped/>
  </testcase> <!-- closeBrowser -->
</testsuite> <!-- Test2_Firefox -->
