<?xml version="1.0" encoding="UTF-8"?>
<!-- Generated by org.testng.reporters.JUnitXMLReporter -->
<testsuite ignored="0" hostname="LAPTOP-0I64B6UJ" failures="0" tests="3" name="Test3_Edge" time="27.695" errors="0" timestamp="2023-01-09T01:08:40 IST">
  <testcase classname="TestNg_Practice.sample23_MultiBrowser_Testing" name="openBrowser" time="17.636"/>
  <testcase classname="TestNg_Practice.sample23_MultiBrowser_Testing" name="openFacebookApp" time="7.488"/>
  <testcase classname="TestNg_Practice.sample23_MultiBrowser_Testing" name="closeBrowser" time="2.476"/>
</testsuite> <!-- Test3_Edge -->
